This is pdfTeX, Version 3.1415926-2.5-1.40.14 (TeX Live 2013) (format=pdflatex 2014.3.29)  29 MAR 2014 13:24
entering extended mode
 restricted \write18 enabled.
 %&-line parsing enabled.
**Meta.tex
(./Meta.tex
LaTeX2e <2011/06/27>
Babel <3.9k> and hyphenation patterns for 43 languages loaded.
)
! Emergency stop.
<*> Meta.tex
            
*** (job aborted, no legal \end found)

 
Here is how much of TeX's memory you used:
 17 strings out of 494220
 209 string characters out of 6156460
 48549 words of memory out of 5000000
 3407 multiletter control sequences out of 15000+600000
 3640 words of font info for 14 fonts, out of 8000000 for 9000
 430 hyphenation exceptions out of 8191
 7i,0n,6p,119b,8s stack positions out of 5000i,500n,10000p,200000b,80000s
!  ==> Fatal error occurred, no output PDF file produced!
