C51 COMPILER V9.01   MAIN                                                                  07/21/2012 22:08:17 PAGE 1   


C51 COMPILER V9.01, COMPILATION OF MODULE MAIN
OBJECT MODULE PLACED IN main.OBJ
COMPILER INVOKED BY: C:\Keil\C51\BIN\C51.EXE main.c LARGE BROWSE DEBUG OBJECTEXTEND

line level    source

   1          #include <reg51.h>
   2          #include <intrins.h>
   3          #include <sys\sys.h>
   4          #include <lcd\lcd.h>
   5          #include <font\font.h>
   6          /* http://ttmcu.taobao.com 雨亭电子
   7          代码测试环境:JME-2核心板+1T指令周期的STC单片机（51内核STC12LE5A60S2)+33M晶振      单片机工作电压3.3V
   8          程序默认IO连接方式：
   9          控制线：RS-P3^5;    WR-P3^6;   RD-P3^7;   CS-P1^0;   REST-P1^2;
  10          数据线: DB0-DB7依次连接P0^0-P0^7;  DB8-DB15依次连接P2^0-P2^7;（8位模式下DB0-DB7可以不连接）
  11          触摸功能连接方式：(不使用触摸可不连接)
  12          D_CLK-P1^7;  D_CS-P1^4;  D_DIN-P3^0;  D_OUT-P3^1;  D_PENIRQ-P3^4;
  13          */      
  14          main()
  15          { 
  16   1              while(1)
  17   1              {
  18   2                  Lcd_Init();   //tft初始化
  19   2                      LCD_Clear(RED);
  20   2                      delayms(3000);
  21   2                      LCD_Clear(GREEN);
  22   2                      delayms(3000);
  23   2                      LCD_Clear(BLUE);
  24   2                      delayms(3000);
  25   2          }
  26   1      
  27   1      
  28   1      }


MODULE INFORMATION:   STATIC OVERLAYABLE
   CODE SIZE        =     47    ----
   CONSTANT SIZE    =   ----    ----
   XDATA SIZE       =   ----    ----
   PDATA SIZE       =   ----    ----
   DATA SIZE        =   ----    ----
   IDATA SIZE       =   ----    ----
   BIT SIZE         =   ----    ----
END OF MODULE INFORMATION.


C51 COMPILATION COMPLETE.  0 WARNING(S),  0 ERROR(S)
